<?xml version="1.0" encoding="UTF-8"?>
<!-- Generated by org.testng.reporters.JUnitReportReporter -->
<testsuite hostname="LAPTOP-416" failures="0" tests="1" name="runner.TestRunner" time="16.023" errors="0" timestamp="2023-01-04T21:38:11 IST" skipped="0">
  <testcase classname="runner.TestRunner" name="runScenario" time="16.023"/>
  <system-out/>
</testsuite> <!-- runner.TestRunner -->
